# JRE version: OpenJDK Runtime Environment Temurin-21.0.10+7 (21.0.10+7) (build 21.0.10+7-LTS)
# Java VM: OpenJDK 64-Bit Server VM Temurin-21.0.10+7 (21.0.10+7-LTS, mixed mode, sharing, tiered, compressed oops, compressed class ptrs, parallel gc, windows-amd64)
GC Precious Log:
 CardTable entry size: 512
 CPUs: 16 total, 16 available
 Memory: 16004M
 Large Page Support: Disabled
 NUMA Support: Disabled
 Compressed Oops: Enabled (32-bit)
 Alignments: Space 512K, Generation 512K, Heap 2M
 Heap Min Capacity: 100M
 Heap Initial Capacity: 100M
 Heap Max Capacity: 2G
 Pre-touch: Disabled
 Parallel Workers: 13
Heap:
 PSYoungGen      total 2560K, used 1872K [0x00000000d5580000, 0x00000000d5980000, 0x0000000100000000)
  eden space 2048K, 75% used [0x00000000d5580000,0x00000000d5704288,0x00000000d5780000)
  from space 512K, 62% used [0x00000000d5880000,0x00000000d58d0000,0x00000000d5900000)
  to   space 512K, 0% used [0x00000000d5900000,0x00000000d5900000,0x00000000d5980000)
 ParOldGen       total 1103360K, used 1102467K [0x0000000080000000, 0x00000000c3580000, 0x00000000d5580000)
  object space 1103360K, 99% used [0x0000000080000000,0x00000000c34a0f68,0x00000000c3580000)
 Metaspace       used 113397K, committed 115456K, reserved 1179648K
  class space    used 11145K, committed 12096K, reserved 1048576K
GC Heap History (20 events):
Event: 305032.639 GC heap before
{Heap before GC invocations=10377 (full 11):
 PSYoungGen      total 3584K, used 3553K [0x00000000d5580000, 0x00000000d5d80000, 0x0000000100000000)
  eden space 2048K, 100% used [0x00000000d5580000,0x00000000d5780000,0x00000000d5780000)
  from space 1536K, 98% used [0x00000000d5780000,0x00000000d58f87a0,0x00000000d5900000)
  to   space 3072K, 0% used [0x00000000d5a80000,0x00000000d5a80000,0x00000000d5d80000)
 ParOldGen       total 1067008K, used 1066571K [0x0000000080000000, 0x00000000c1200000, 0x00000000d5580000)
  object space 1067008K, 99% used [0x0000000080000000,0x00000000c1192cf8,0x00000000c1200000)
 Metaspace       used 113312K, committed 115328K, reserved 1179648K
  class space    used 11134K, committed 12096K, reserved 1048576K
}
Event: 305032.646 GC heap after
{Heap after GC invocations=10377 (full 11):
 PSYoungGen      total 4096K, used 1823K [0x00000000d5580000, 0x00000000d5c80000, 0x0000000100000000)
  eden space 2048K, 0% used [0x00000000d5580000,0x00000000d5580000,0x00000000d5780000)
  from space 2048K, 89% used [0x00000000d5a80000,0x00000000d5c47f10,0x00000000d5c80000)
  to   space 2560K, 0% used [0x00000000d5780000,0x00000000d5780000,0x00000000d5a00000)
 ParOldGen       total 1068544K, used 1068053K [0x0000000080000000, 0x00000000c1380000, 0x00000000d5580000)
  object space 1068544K, 99% used [0x0000000080000000,0x00000000c13055f8,0x00000000c1380000)
 Metaspace       used 113312K, committed 115328K, reserved 1179648K
  class space    used 11134K, committed 12096K, reserved 1048576K
}
Event: 305032.735 GC heap before
{Heap before GC invocations=10378 (full 11):
 PSYoungGen      total 4096K, used 3871K [0x00000000d5580000, 0x00000000d5c80000, 0x0000000100000000)
  eden space 2048K, 100% used [0x00000000d5580000,0x00000000d5780000,0x00000000d5780000)
  from space 2048K, 89% used [0x00000000d5a80000,0x00000000d5c47f10,0x00000000d5c80000)
  to   space 2560K, 0% used [0x00000000d5780000,0x00000000d5780000,0x00000000d5a00000)
 ParOldGen       total 1068544K, used 1068053K [0x0000000080000000, 0x00000000c1380000, 0x00000000d5580000)
  object space 1068544K, 99% used [0x0000000080000000,0x00000000c13055f8,0x00000000c1380000)
 Metaspace       used 113312K, committed 115328K, reserved 1179648K
  class space    used 11134K, committed 12096K, reserved 1048576K
}
Event: 305032.742 GC heap after
{Heap after GC invocations=10378 (full 11):
 PSYoungGen      total 3072K, used 672K [0x00000000d5580000, 0x00000000d5b00000, 0x0000000100000000)
  eden space 2048K, 0% used [0x00000000d5580000,0x00000000d5580000,0x00000000d5780000)
  from space 1024K, 65% used [0x00000000d5780000,0x00000000d5828000,0x00000000d5880000)
  to   space 1536K, 0% used [0x00000000d5980000,0x00000000d5980000,0x00000000d5b00000)
 ParOldGen       total 1070080K, used 1069650K [0x0000000080000000, 0x00000000c1500000, 0x00000000d5580000)
  object space 1070080K, 99% used [0x0000000080000000,0x00000000c1494a40,0x00000000c1500000)
 Metaspace       used 113312K, committed 115328K, reserved 1179648K
  class space    used 11134K, committed 12096K, reserved 1048576K
}
Event: 305032.808 GC heap before
{Heap before GC invocations=10379 (full 11):
 PSYoungGen      total 3072K, used 2720K [0x00000000d5580000, 0x00000000d5b00000, 0x0000000100000000)
  eden space 2048K, 100% used [0x00000000d5580000,0x00000000d5780000,0x00000000d5780000)
  from space 1024K, 65% used [0x00000000d5780000,0x00000000d5828000,0x00000000d5880000)
  to   space 1536K, 0% used [0x00000000d5980000,0x00000000d5980000,0x00000000d5b00000)
 ParOldGen       total 1070080K, used 1069650K [0x0000000080000000, 0x00000000c1500000, 0x00000000d5580000)
  object space 1070080K, 99% used [0x0000000080000000,0x00000000c1494a40,0x00000000c1500000)
 Metaspace       used 113312K, committed 115328K, reserved 1179648K
  class space    used 11134K, committed 12096K, reserved 1048576K
}
Event: 305032.817 GC heap after
{Heap after GC invocations=10379 (full 11):
 PSYoungGen      total 2560K, used 416K [0x00000000d5580000, 0x00000000d5a00000, 0x0000000100000000)
  eden space 2048K, 0% used [0x00000000d5580000,0x00000000d5580000,0x00000000d5780000)
  from space 512K, 81% used [0x00000000d5980000,0x00000000d59e8000,0x00000000d5a00000)
  to   space 1024K, 0% used [0x00000000d5800000,0x00000000d5800000,0x00000000d5900000)
 ParOldGen       total 1070592K, used 1070086K [0x0000000080000000, 0x00000000c1580000, 0x00000000d5580000)
  object space 1070592K, 99% used [0x0000000080000000,0x00000000c1501a50,0x00000000c1580000)
 Metaspace       used 113312K, committed 115328K, reserved 1179648K
  class space    used 11134K, committed 12096K, reserved 1048576K
}
Event: 305032.843 GC heap before
{Heap before GC invocations=10380 (full 11):
 PSYoungGen      total 2560K, used 2463K [0x00000000d5580000, 0x00000000d5a00000, 0x0000000100000000)
  eden space 2048K, 99% used [0x00000000d5580000,0x00000000d577ffb8,0x00000000d5780000)
  from space 512K, 81% used [0x00000000d5980000,0x00000000d59e8000,0x00000000d5a00000)
  to   space 1024K, 0% used [0x00000000d5800000,0x00000000d5800000,0x00000000d5900000)
 ParOldGen       total 1070592K, used 1070086K [0x0000000080000000, 0x00000000c1580000, 0x00000000d5580000)
  object space 1070592K, 99% used [0x0000000080000000,0x00000000c1501a50,0x00000000c1580000)
 Metaspace       used 113312K, committed 115328K, reserved 1179648K
  class space    used 11134K, committed 12096K, reserved 1048576K
}
Event: 305032.851 GC heap after
{Heap after GC invocations=10380 (full 11):
 PSYoungGen      total 3072K, used 416K [0x00000000d5580000, 0x00000000d5a00000, 0x0000000100000000)
  eden space 2048K, 0% used [0x00000000d5580000,0x00000000d5580000,0x00000000d5780000)
  from space 1024K, 40% used [0x00000000d5800000,0x00000000d5868000,0x00000000d5900000)
  to   space 512K, 0% used [0x00000000d5980000,0x00000000d5980000,0x00000000d5a00000)
 ParOldGen       total 1070592K, used 1070270K [0x0000000080000000, 0x00000000c1580000, 0x00000000d5580000)
  object space 1070592K, 99% used [0x0000000080000000,0x00000000c152fa70,0x00000000c1580000)
 Metaspace       used 113312K, committed 115328K, reserved 1179648K
  class space    used 11134K, committed 12096K, reserved 1048576K
}
Event: 305032.900 GC heap before
{Heap before GC invocations=10381 (full 11):
 PSYoungGen      total 3072K, used 2464K [0x00000000d5580000, 0x00000000d5a00000, 0x0000000100000000)
  eden space 2048K, 100% used [0x00000000d5580000,0x00000000d5780000,0x00000000d5780000)
  from space 1024K, 40% used [0x00000000d5800000,0x00000000d5868000,0x00000000d5900000)
  to   space 512K, 0% used [0x00000000d5980000,0x00000000d5980000,0x00000000d5a00000)
 ParOldGen       total 1070592K, used 1070270K [0x0000000080000000, 0x00000000c1580000, 0x00000000d5580000)
  object space 1070592K, 99% used [0x0000000080000000,0x00000000c152fa70,0x00000000c1580000)
 Metaspace       used 113312K, committed 115328K, reserved 1179648K
  class space    used 11134K, committed 12096K, reserved 1048576K
}
Event: 305032.904 GC heap after
{Heap after GC invocations=10381 (full 11):
 PSYoungGen      total 2560K, used 464K [0x00000000d5580000, 0x00000000d5a00000, 0x0000000100000000)
  eden space 2048K, 0% used [0x00000000d5580000,0x00000000d5580000,0x00000000d5780000)
  from space 512K, 90% used [0x00000000d5980000,0x00000000d59f4010,0x00000000d5a00000)
  to   space 512K, 0% used [0x00000000d5900000,0x00000000d5900000,0x00000000d5980000)
 ParOldGen       total 1070592K, used 1070494K [0x0000000080000000, 0x00000000c1580000, 0x00000000d5580000)
  object space 1070592K, 99% used [0x0000000080000000,0x00000000c1567a90,0x00000000c1580000)
 Metaspace       used 113312K, committed 115328K, reserved 1179648K
  class space    used 11134K, committed 12096K, reserved 1048576K
}
Event: 305032.915 GC heap before
{Heap before GC invocations=10382 (full 11):
 PSYoungGen      total 2560K, used 2512K [0x00000000d5580000, 0x00000000d5a00000, 0x0000000100000000)
  eden space 2048K, 100% used [0x00000000d5580000,0x00000000d5780000,0x00000000d5780000)
  from space 512K, 90% used [0x00000000d5980000,0x00000000d59f4010,0x00000000d5a00000)
  to   space 512K, 0% used [0x00000000d5900000,0x00000000d5900000,0x00000000d5980000)
 ParOldGen       total 1070592K, used 1070494K [0x0000000080000000, 0x00000000c1580000, 0x00000000d5580000)
  object space 1070592K, 99% used [0x0000000080000000,0x00000000c1567a90,0x00000000c1580000)
 Metaspace       used 113312K, committed 115328K, reserved 1179648K
  class space    used 11134K, committed 12096K, reserved 1048576K
}
Event: 305032.919 GC heap after
{Heap after GC invocations=10382 (full 11):
 PSYoungGen      total 2560K, used 240K [0x00000000d5580000, 0x00000000d5a00000, 0x0000000100000000)
  eden space 2048K, 0% used [0x00000000d5580000,0x00000000d5580000,0x00000000d5780000)
  from space 512K, 46% used [0x00000000d5900000,0x00000000d593c010,0x00000000d5980000)
  to   space 512K, 0% used [0x00000000d5980000,0x00000000d5980000,0x00000000d5a00000)
 ParOldGen       total 1071104K, used 1070766K [0x0000000080000000, 0x00000000c1600000, 0x00000000d5580000)
  object space 1071104K, 99% used [0x0000000080000000,0x00000000c15abab0,0x00000000c1600000)
 Metaspace       used 113312K, committed 115328K, reserved 1179648K
  class space    used 11134K, committed 12096K, reserved 1048576K
}
Event: 305033.004 GC heap before
{Heap before GC invocations=10383 (full 11):
 PSYoungGen      total 2560K, used 2288K [0x00000000d5580000, 0x00000000d5a00000, 0x0000000100000000)
  eden space 2048K, 100% used [0x00000000d5580000,0x00000000d5780000,0x00000000d5780000)
  from space 512K, 46% used [0x00000000d5900000,0x00000000d593c010,0x00000000d5980000)
  to   space 512K, 0% used [0x00000000d5980000,0x00000000d5980000,0x00000000d5a00000)
 ParOldGen       total 1071104K, used 1070766K [0x0000000080000000, 0x00000000c1600000, 0x00000000d5580000)
  object space 1071104K, 99% used [0x0000000080000000,0x00000000c15abab0,0x00000000c1600000)
 Metaspace       used 113312K, committed 115328K, reserved 1179648K
  class space    used 11134K, committed 12096K, reserved 1048576K
}
Event: 305033.009 GC heap after
{Heap after GC invocations=10383 (full 11):
 PSYoungGen      total 2560K, used 512K [0x00000000d5580000, 0x00000000d5a00000, 0x0000000100000000)
  eden space 2048K, 0% used [0x00000000d5580000,0x00000000d5580000,0x00000000d5780000)
  from space 512K, 100% used [0x00000000d5980000,0x00000000d5a00000,0x00000000d5a00000)
  to   space 1024K, 0% used [0x00000000d5800000,0x00000000d5800000,0x00000000d5900000)
 ParOldGen       total 1071104K, used 1070998K [0x0000000080000000, 0x00000000c1600000, 0x00000000d5580000)
  object space 1071104K, 99% used [0x0000000080000000,0x00000000c15e5ad0,0x00000000c1600000)
 Metaspace       used 113312K, committed 115328K, reserved 1179648K
  class space    used 11134K, committed 12096K, reserved 1048576K
}
Event: 305033.164 GC heap before
{Heap before GC invocations=10384 (full 11):
 PSYoungGen      total 2560K, used 2556K [0x00000000d5580000, 0x00000000d5a00000, 0x0000000100000000)
  eden space 2048K, 99% used [0x00000000d5580000,0x00000000d577f1e0,0x00000000d5780000)
  from space 512K, 100% used [0x00000000d5980000,0x00000000d5a00000,0x00000000d5a00000)
  to   space 1024K, 0% used [0x00000000d5800000,0x00000000d5800000,0x00000000d5900000)
 ParOldGen       total 1071104K, used 1070998K [0x0000000080000000, 0x00000000c1600000, 0x00000000d5580000)
  object space 1071104K, 99% used [0x0000000080000000,0x00000000c15e5ad0,0x00000000c1600000)
 Metaspace       used 113312K, committed 115328K, reserved 1179648K
  class space    used 11134K, committed 12096K, reserved 1048576K
}
Event: 305033.170 GC heap after
{Heap after GC invocations=10384 (full 11):
 PSYoungGen      total 3072K, used 576K [0x00000000d5580000, 0x00000000d5a00000, 0x0000000100000000)
  eden space 2048K, 0% used [0x00000000d5580000,0x00000000d5580000,0x00000000d5780000)
  from space 1024K, 56% used [0x00000000d5800000,0x00000000d5890000,0x00000000d5900000)
  to   space 1024K, 0% used [0x00000000d5900000,0x00000000d5900000,0x00000000d5a00000)
 ParOldGen       total 1071616K, used 1071398K [0x0000000080000000, 0x00000000c1680000, 0x00000000d5580000)
  object space 1071616K, 99% used [0x0000000080000000,0x00000000c1649ad0,0x00000000c1680000)
 Metaspace       used 113312K, committed 115328K, reserved 1179648K
  class space    used 11134K, committed 12096K, reserved 1048576K
}
Event: 305033.826 GC heap before
{Heap before GC invocations=10385 (full 11):
 PSYoungGen      total 3072K, used 2624K [0x00000000d5580000, 0x00000000d5a00000, 0x0000000100000000)
  eden space 2048K, 100% used [0x00000000d5580000,0x00000000d5780000,0x00000000d5780000)
  from space 1024K, 56% used [0x00000000d5800000,0x00000000d5890000,0x00000000d5900000)
  to   space 1024K, 0% used [0x00000000d5900000,0x00000000d5900000,0x00000000d5a00000)
 ParOldGen       total 1103360K, used 1102118K [0x0000000080000000, 0x00000000c3580000, 0x00000000d5580000)
  object space 1103360K, 99% used [0x0000000080000000,0x00000000c3449b00,0x00000000c3580000)
 Metaspace       used 113397K, committed 115456K, reserved 1179648K
  class space    used 11145K, committed 12096K, reserved 1048576K
}
Event: 305033.830 GC heap after
{Heap after GC invocations=10385 (full 11):
 PSYoungGen      total 2560K, used 352K [0x00000000d5580000, 0x00000000d5980000, 0x0000000100000000)
  eden space 2048K, 0% used [0x00000000d5580000,0x00000000d5580000,0x00000000d5780000)
  from space 512K, 68% used [0x00000000d5900000,0x00000000d5958000,0x00000000d5980000)
  to   space 512K, 0% used [0x00000000d5880000,0x00000000d5880000,0x00000000d5900000)
 ParOldGen       total 1103360K, used 1102379K [0x0000000080000000, 0x00000000c3580000, 0x00000000d5580000)
  object space 1103360K, 99% used [0x0000000080000000,0x00000000c348af68,0x00000000c3580000)
 Metaspace       used 113397K, committed 115456K, reserved 1179648K
  class space    used 11145K, committed 12096K, reserved 1048576K
}
Event: 305330.215 GC heap before
{Heap before GC invocations=10386 (full 11):
 PSYoungGen      total 2560K, used 2400K [0x00000000d5580000, 0x00000000d5980000, 0x0000000100000000)
  eden space 2048K, 100% used [0x00000000d5580000,0x00000000d5780000,0x00000000d5780000)
  from space 512K, 68% used [0x00000000d5900000,0x00000000d5958000,0x00000000d5980000)
  to   space 512K, 0% used [0x00000000d5880000,0x00000000d5880000,0x00000000d5900000)
 ParOldGen       total 1103360K, used 1102379K [0x0000000080000000, 0x00000000c3580000, 0x00000000d5580000)
  object space 1103360K, 99% used [0x0000000080000000,0x00000000c348af68,0x00000000c3580000)
 Metaspace       used 113397K, committed 115456K, reserved 1179648K
  class space    used 11145K, committed 12096K, reserved 1048576K
}
Event: 305330.219 GC heap after
{Heap after GC invocations=10386 (full 11):
 PSYoungGen      total 2560K, used 320K [0x00000000d5580000, 0x00000000d5980000, 0x0000000100000000)
  eden space 2048K, 0% used [0x00000000d5580000,0x00000000d5580000,0x00000000d5780000)
  from space 512K, 62% used [0x00000000d5880000,0x00000000d58d0000,0x00000000d5900000)
  to   space 512K, 0% used [0x00000000d5900000,0x00000000d5900000,0x00000000d5980000)
 ParOldGen       total 1103360K, used 1102467K [0x0000000080000000, 0x00000000c3580000, 0x00000000d5580000)
  object space 1103360K, 99% used [0x0000000080000000,0x00000000c34a0f68,0x00000000c3580000)
 Metaspace       used 113397K, committed 115456K, reserved 1179648K
  class space    used 11145K, committed 12096K, reserved 1048576K
}

